<?xml version="1.0" encoding="UTF-8"?>
<!-- Generated by org.testng.reporters.JUnitXMLReporter -->
<testsuite hostname="PHMNLIT3914438L" ignored="1" name="TimeIn" tests="1" failures="0" timestamp="2022-03-16T00:22:34 CST" time="19.084" errors="0">
  <testcase name="timeInAttendance" time="19.024" classname="atosAttendance.Attendance"/>
  <testcase name="timeOutAttendance" time="0.0" classname="atosAttendance.Attendance">
    <ignored/>
  </testcase> <!-- timeOutAttendance -->
</testsuite> <!-- TimeIn -->
