<?xml version="1.0" encoding="UTF-8"?>
<testng-results ignored="0" total="2" passed="2" failed="0" skipped="0">
  <reporter-output>
  </reporter-output>
  <suite started-at="2022-03-15T22:50:43 CST" name="Default suite" finished-at="2022-03-15T22:51:29 CST" duration-ms="45217">
    <groups>
    </groups>
    <test started-at="2022-03-15T22:50:43 CST" name="Default test" finished-at="2022-03-15T22:51:29 CST" duration-ms="45217">
      <class name="atosAttendance.timeIn">
        <test-method signature="timeInAttendance()[pri:0, instance:atosAttendance.timeIn@2f8dad04]" started-at="2022-03-15T22:50:43 CST" name="timeInAttendance" finished-at="2022-03-15T22:51:13 CST" duration-ms="29389" status="PASS">
          <reporter-output>
          </reporter-output>
        </test-method> <!-- timeInAttendance -->
        <test-method signature="timeOutAttendance()[pri:0, instance:atosAttendance.timeIn@2f8dad04]" started-at="2022-03-15T22:51:13 CST" name="timeOutAttendance" finished-at="2022-03-15T22:51:29 CST" duration-ms="15719" status="PASS">
          <reporter-output>
          </reporter-output>
        </test-method> <!-- timeOutAttendance -->
      </class> <!-- atosAttendance.timeIn -->
    </test> <!-- Default test -->
  </suite> <!-- Default suite -->
</testng-results>
